<?xml version="1.0" encoding="UTF-8"?>
<testsuites name="jest tests" tests="11" failures="0" errors="0" time="4.686">
  <testsuite name="undefined" errors="0" failures="0" skipped="0" timestamp="2021-05-08T00:53:47" time="1.158" tests="1">
    <testcase classname=" should generate correct number of days of week" name=" should generate correct number of days of week" time="0.023">
    </testcase>
  </testsuite>
  <testsuite name="undefined" errors="0" failures="0" skipped="0" timestamp="2021-05-08T00:53:47" time="3.057" tests="7">
    <testcase classname=" should generate new selected dates on change month or selected dates" name=" should generate new selected dates on change month or selected dates" time="0.026">
    </testcase>
    <testcase classname=" should start with selected dates" name=" should start with selected dates" time="0.005">
    </testcase>
    <testcase classname=" should ignore selected dates from other months" name=" should ignore selected dates from other months" time="0.004">
    </testcase>
    <testcase classname=" should start with no selected dates and select one" name=" should start with no selected dates and select one" time="0.004">
    </testcase>
    <testcase classname=" should start with selected date and unselect it" name=" should start with selected date and unselect it" time="0.003">
    </testcase>
    <testcase classname=" should replace selected dates" name=" should replace selected dates" time="0.008">
    </testcase>
    <testcase classname=" should clear selected dates" name=" should clear selected dates" time="0.004">
    </testcase>
  </testsuite>
  <testsuite name="undefined" errors="0" failures="0" skipped="0" timestamp="2021-05-08T00:53:47" time="3.541" tests="3">
    <testcase classname=" should render Calendar component" name=" should render Calendar component" time="0.027">
    </testcase>
    <testcase classname=" should render CalendarDate component" name=" should render CalendarDate component" time="0.003">
    </testcase>
    <testcase classname=" should render CalendarWeekDay component" name=" should render CalendarWeekDay component" time="0.004">
    </testcase>
  </testsuite>
</testsuites>