<?xml version="1.0" encoding="UTF-8"?>
<testsuites name="jest tests" tests="11" failures="0" errors="0" time="5.424">
  <testsuite name="undefined" errors="0" failures="0" skipped="0" timestamp="2021-06-01T02:18:20" time="1.727" tests="1">
    <testcase classname=" should generate correct number of days of week" name=" should generate correct number of days of week" time="0.036">
    </testcase>
  </testsuite>
  <testsuite name="useCalendarDates" errors="0" failures="0" skipped="0" timestamp="2021-06-01T02:18:20" time="1.753" tests="1">
    <testcase classname="useCalendarDates should start with selected dates" name="useCalendarDates should start with selected dates" time="0.019">
    </testcase>
  </testsuite>
  <testsuite name="&lt;Calendar.Dates /&gt;" errors="0" failures="0" skipped="0" timestamp="2021-06-01T02:18:20" time="2.383" tests="1">
    <testcase classname="&lt;Calendar.Dates /&gt; should render the correct first day of month" name="&lt;Calendar.Dates /&gt; should render the correct first day of month" time="0.042">
    </testcase>
  </testsuite>
  <testsuite name="&lt;Calendar.Date /&gt;" errors="0" failures="0" skipped="0" timestamp="2021-06-01T02:18:20" time="2.458" tests="1">
    <testcase classname="&lt;Calendar.Date /&gt; should render all days of month correctly" name="&lt;Calendar.Date /&gt; should render all days of month correctly" time="0.106">
    </testcase>
  </testsuite>
  <testsuite name="&lt;Calendar.Weekday /&gt;" errors="0" failures="0" skipped="0" timestamp="2021-06-01T02:18:20" time="2.502" tests="3">
    <testcase classname="&lt;Calendar.Weekday /&gt; should render long names correctly" name="&lt;Calendar.Weekday /&gt; should render long names correctly" time="0.066">
    </testcase>
    <testcase classname="&lt;Calendar.Weekday /&gt; should render short names correctly" name="&lt;Calendar.Weekday /&gt; should render short names correctly" time="0.013">
    </testcase>
    <testcase classname="&lt;Calendar.Weekday /&gt; should render narrow names correctly" name="&lt;Calendar.Weekday /&gt; should render narrow names correctly" time="0.009">
    </testcase>
  </testsuite>
  <testsuite name="&lt;Calendar.Header /&gt;" errors="0" failures="0" skipped="0" timestamp="2021-06-01T02:18:20" time="3.799" tests="4">
    <testcase classname="&lt;Calendar.Header /&gt; should render month correctly" name="&lt;Calendar.Header /&gt; should render month correctly" time="0.026">
    </testcase>
    <testcase classname="&lt;Calendar.Header /&gt; should render long name of month correctly" name="&lt;Calendar.Header /&gt; should render long name of month correctly" time="0.004">
    </testcase>
    <testcase classname="&lt;Calendar.Header /&gt; should render month correctly" name="&lt;Calendar.Header /&gt; should render month correctly" time="0.003">
    </testcase>
    <testcase classname="&lt;Calendar.Header /&gt; should render month correctly" name="&lt;Calendar.Header /&gt; should render month correctly" time="0.002">
    </testcase>
  </testsuite>
</testsuites>