<?xml version="1.0" encoding="UTF-8"?>
<testsuites name="jest tests" tests="4" failures="0" errors="0" time="4.456">
  <testsuite name="undefined" errors="0" failures="0" skipped="0" timestamp="2021-05-12T15:38:31" time="2.627" tests="1">
    <testcase classname=" should generate correct number of days of week" name=" should generate correct number of days of week" time="0.024">
    </testcase>
  </testsuite>
  <testsuite name="undefined" errors="0" failures="0" skipped="0" timestamp="2021-05-12T15:38:31" time="2.635" tests="2">
    <testcase classname=" should start without selected dates" name=" should start without selected dates" time="0.015">
    </testcase>
    <testcase classname=" should start with selected dates" name=" should start with selected dates" time="0.006">
    </testcase>
  </testsuite>
  <testsuite name="undefined" errors="0" failures="0" skipped="0" timestamp="2021-05-12T15:38:31" time="3.324" tests="1">
    <testcase classname=" should render CalendarDate component" name=" should render CalendarDate component" time="0.042">
    </testcase>
  </testsuite>
</testsuites>