<?xml version="1.0" encoding="UTF-8"?>
<testsuites name="jest tests" tests="4" failures="0" errors="0" time="2.895">
  <testsuite name="undefined" errors="0" failures="0" skipped="0" timestamp="2021-05-11T14:27:42" time="1.195" tests="2">
    <testcase classname=" should start without selected dates" name=" should start without selected dates" time="0.016">
    </testcase>
    <testcase classname=" should start with selected dates" name=" should start with selected dates" time="0.004">
    </testcase>
  </testsuite>
  <testsuite name="undefined" errors="0" failures="0" skipped="0" timestamp="2021-05-11T14:27:42" time="1.19" tests="1">
    <testcase classname=" should generate correct number of days of week" name=" should generate correct number of days of week" time="0.026">
    </testcase>
  </testsuite>
  <testsuite name="undefined" errors="0" failures="0" skipped="0" timestamp="2021-05-11T14:27:42" time="1.727" tests="1">
    <testcase classname=" should render CalendarDate component" name=" should render CalendarDate component" time="0.045">
    </testcase>
  </testsuite>
</testsuites>