<?xml version="1.0" encoding="UTF-8"?>
<testsuites name="jest tests" tests="6" failures="0" errors="0" time="4.14">
  <testsuite name="undefined" errors="0" failures="0" skipped="0" timestamp="2021-05-07T02:08:46" time="0.815" tests="1">
    <testcase classname=" should generate correct number of days of week" name=" should generate correct number of days of week" time="0.013">
    </testcase>
  </testsuite>
  <testsuite name="undefined" errors="0" failures="0" skipped="0" timestamp="2021-05-07T02:08:46" time="3.011" tests="5">
    <testcase classname=" should start with selected dates" name=" should start with selected dates" time="0.019">
    </testcase>
    <testcase classname=" should start with no selected dates and select one" name=" should start with no selected dates and select one" time="0.005">
    </testcase>
    <testcase classname=" should start with selected date and unselect it" name=" should start with selected date and unselect it" time="0.004">
    </testcase>
    <testcase classname=" should replace selected dates" name=" should replace selected dates" time="0.005">
    </testcase>
    <testcase classname=" should clear selected dates" name=" should clear selected dates" time="0.005">
    </testcase>
  </testsuite>
</testsuites>